<?xml version="1.0" encoding="UTF-8"?>
<!-- Generated by org.testng.reporters.JUnitXMLReporter -->
<testsuite ignored="1" hostname="Vipuls-MacBook-Pro.local" failures="0" tests="1" name="KeyPressesTests-CH" time="21.943" errors="0" timestamp="2022-09-14T23:04:43 IST">
  <testcase classname="com.herokuapp.theinternet.KeyPressesTest.KeyPressesTest" name="pressKeyWithActionsTest" time="9.704"/>
  <testcase classname="com.herokuapp.theinternet.KeyPressesTest.KeyPressesTest" name="pressKeyTest" time="0.0">
    <ignored/>
  </testcase> <!-- pressKeyTest -->
</testsuite> <!-- KeyPressesTests-CH -->
