<?xml version="1.0" encoding="UTF-8"?>
<!-- Generated by org.testng.reporters.JUnitXMLReporter -->
<testsuite ignored="0" hostname="Vipuls-MacBook-Pro.local" failures="0" tests="2" name="NegativeTests" time="50.364" errors="0" timestamp="2022-09-01T15:35:58 IST">
  <testcase classname="com.herokuapp.theinternet.NegativeTests" name="incorrectPasswordTest" time="25.689"/>
  <testcase classname="com.herokuapp.theinternet.NegativeTests" name="incorrectUserNameTest" time="24.658"/>
</testsuite> <!-- NegativeTests -->
