<?xml version="1.0" encoding="UTF-8"?>
<!-- Generated by org.testng.reporters.JUnitXMLReporter -->
<testsuite ignored="2" hostname="KSPL0235-L" failures="1" tests="2" name="CreateJob" time="8.23" errors="0" timestamp="2022-10-28T16:05:31 IST">
  <testcase classname="LGM.LoginTest.PositiveLoginTest" name="logInTest" time="5.245"/>
  <testcase classname="LGM.LoginTest.AddJob" name="AddJob" time="0.005">
    <failure type="java.lang.NullPointerException" message="Cannot invoke &amp;quot;org.apache.logging.log4j.Logger.info(String)&amp;quot; because &amp;quot;this.log&amp;quot; is null">
      <![CDATA[java.lang.NullPointerException: Cannot invoke "org.apache.logging.log4j.Logger.info(String)" because "this.log" is null
at com.herokyapp.theinternet.pages.LGMJobsPage.createjob(LGMJobsPage.java:32)
at LGM.LoginTest.AddJob.AddJob(AddJob.java:30)
at java.base/java.util.ArrayList.forEach(ArrayList.java:1511)
... Removed 25 stack frames]]>
    </failure>
  </testcase> <!-- AddJob -->
  <testcase classname="com.herokuapp.theinternet.base.BaseTest" name="@AfterTest tearDown" time="0.0">
    <ignored/>
  </testcase> <!-- @AfterTest tearDown -->
  <testcase classname="com.herokuapp.theinternet.base.BaseTest" name="@BeforeTest setUp" time="0.0">
    <ignored/>
  </testcase> <!-- @BeforeTest setUp -->
</testsuite> <!-- CreateJob -->
