<?xml version="1.0" encoding="UTF-8"?>
<!-- Generated by org.testng.reporters.JUnitXMLReporter -->
<testsuite ignored="1" hostname="Vipuls-MacBook-Pro.local" failures="0" tests="1" name="NegativeUserNameTests" time="26.337" errors="0" timestamp="2022-09-02T18:29:16 IST">
  <testcase classname="com.herokuapp.theinternet.LoginTests" name="NegativeLoginTest" time="15.442"/>
  <testcase classname="com.herokuapp.theinternet.LoginTests" name="positiveLoginTest" time="0.0">
    <ignored/>
  </testcase> <!-- positiveLoginTest -->
</testsuite> <!-- NegativeUserNameTests -->
