<?xml version="1.0" encoding="UTF-8"?>
<!-- Generated by org.testng.reporters.JUnitXMLReporter -->
<testsuite ignored="1" hostname="Vipuls-MacBook-Pro.local" failures="0" tests="1" name="PositiveTests" time="33.456" errors="0" timestamp="2022-09-02T18:28:44 IST">
  <testcase classname="com.herokuapp.theinternet.LoginTests" name="positiveLoginTest" time="15.838"/>
  <testcase classname="com.herokuapp.theinternet.LoginTests" name="NegativeLoginTest" time="0.0">
    <ignored/>
  </testcase> <!-- NegativeLoginTest -->
</testsuite> <!-- PositiveTests -->
