<?xml version="1.0" encoding="UTF-8"?>
<!-- Generated by org.testng.reporters.JUnitXMLReporter -->
<testsuite ignored="2" hostname="KSPL0235-L" failures="0" tests="3" name="All Tests" time="0.056" errors="0" timestamp="2022-11-02T16:45:50 IST">
  <testcase classname="us.littleguys.testestimator.CustomerPageTest.AddCustomer" name="@BeforeTest logInTest" time="0.002">
    <failure type="java.lang.NullPointerException" message="Cannot invoke &amp;quot;org.apache.logging.log4j.Logger.info(String)&amp;quot; because &amp;quot;this.log&amp;quot; is null">
      <![CDATA[java.lang.NullPointerException: Cannot invoke "org.apache.logging.log4j.Logger.info(String)" because "this.log" is null
at us.littleguy.testestimator.pages.EstimatorLoginPage.openPage(EstimatorLoginPage.java:37)
at us.littleguys.testestimator.CustomerPageTest.AddCustomer.logInTest(AddCustomer.java:19)
at java.base/java.util.concurrent.FutureTask.run(FutureTask.java:264)
at java.base/java.util.concurrent.ThreadPoolExecutor.runWorker(ThreadPoolExecutor.java:1136)
at java.base/java.util.concurrent.ThreadPoolExecutor$Worker.run(ThreadPoolExecutor.java:635)
at java.base/java.lang.Thread.run(Thread.java:833)
... Removed 15 stack frames]]>
    </failure>
  </testcase> <!-- @BeforeTest logInTest -->
  <testcase classname="us.littleguys.testestimator.CreateTicket.CreateTicket" name="@BeforeTest logInTest" time="-1.667387750105E9">
    <skipped/>
  </testcase> <!-- @BeforeTest logInTest -->
  <testcase classname="us.littleguys.testestimator.CreateTicket.CreateTicket" name="createticket" time="0.0">
    <skipped/>
  </testcase> <!-- createticket -->
  <testcase classname="us.littleguys.testestimator.CustomerPageTest.AddCustomer" name="AddCustomer" time="0.0">
    <skipped/>
  </testcase> <!-- AddCustomer -->
  <testcase classname="us.littleguys.testestimator.CustomerPageTest.AddCustomer" name="AddCustomerWithSameData" time="0.0">
    <skipped/>
  </testcase> <!-- AddCustomerWithSameData -->
  <testcase classname="us.littleguys.testestimator.base.BaseTest" name="@AfterSuite tearDown" time="0.0">
    <ignored/>
  </testcase> <!-- @AfterSuite tearDown -->
  <testcase classname="us.littleguys.testestimator.base.BaseTest" name="@BeforeSuite setUp" time="0.0">
    <ignored/>
  </testcase> <!-- @BeforeSuite setUp -->
</testsuite> <!-- All Tests -->
