<?xml version="1.0" encoding="UTF-8"?>
<!-- Generated by org.testng.reporters.JUnitXMLReporter -->
<testsuite ignored="2" hostname="KSPL0235-L" failures="1" tests="2" name="CreateTicket" time="11.462" errors="0" timestamp="2022-10-28T16:26:46 IST">
  <testcase classname="LGM.LoginTest.PositiveLoginTest" name="logInTest" time="9.07"/>
  <testcase classname="LGM.LoginTest.CreateTicket" name="createticket" time="0.0">
    <failure type="org.testng.TestNGException" message="
Cannot inject @Test annotated Method [createticket] with [class java.lang.String, class java.lang.String, class java.lang.String, class java.lang.String, int].
For more information on native dependency injection please refer to https://testng.org/doc/documentation-main.html#native-dependency-injection">
      <![CDATA[org.testng.TestNGException: 
Cannot inject @Test annotated Method [createticket] with [class java.lang.String, class java.lang.String, class java.lang.String, class java.lang.String, int].
For more information on native dependency injection please refer to https://testng.org/doc/documentation-main.html#native-dependency-injection
at java.base/java.util.ArrayList.forEach(ArrayList.java:1511)
... Removed 26 stack frames]]>
    </failure>
  </testcase> <!-- createticket -->
  <testcase classname="com.herokuapp.theinternet.base.BaseTest" name="@AfterTest tearDown" time="0.0">
    <ignored/>
  </testcase> <!-- @AfterTest tearDown -->
  <testcase classname="com.herokuapp.theinternet.base.BaseTest" name="@BeforeTest setUp" time="0.0">
    <ignored/>
  </testcase> <!-- @BeforeTest setUp -->
</testsuite> <!-- CreateTicket -->
