<?xml version="1.0" encoding="UTF-8"?>
<!-- Generated by org.testng.reporters.JUnitXMLReporter -->
<testsuite ignored="0" hostname="KSPL0212-L" failures="1" tests="1" name="AddJob" time="0.975" errors="0" timestamp="2022-11-11T12:50:57 IST">
  <testcase classname="us.littleguys.testestimator.AddJob.AddJob" name="AddJob" time="0.576">
    <failure type="org.testng.internal.reflect.MethodMatcherException" message="
[public void us.littleguys.testestimator.AddJob.AddJob.AddJob(java.lang.String,java.lang.String,java.lang.String,java.lang.String) throws java.lang.Exception] has no parameters defined but was found to be using a data provider (either explicitly specified or inherited from class level annotation).
Data provider mismatch
Method: AddJob([Parameter{index=0, type=java.lang.String, declaredAnnotations=[]}, Parameter{index=1, type=java.lang.String, declaredAnnotations=[]}, Parameter{index=2, type=java.lang.String, declaredAnnotations=[]}, Parameter{index=3, type=java.lang.String, declaredAnnotations=[]}])
Arguments: [(java.lang.String) FirstName,(java.lang.String) LastName,(java.lang.String) 8765431234,(java.lang.String) hgf12@gmail.com,(java.lang.String) jncsdkhgfknv,(java.lang.String) dfsdf,(java.lang.String) jfhd,(java.lang.String) kjhg,(java.lang.String) dsfvfgs dfdb,(java.lang.String) hgdft@gmail.com,(java.lang.String) mailid,(java.lang.String) ,(java.lang.String) ,(java.lang.String) ,(java.lang.String) ,(java.lang.String) ,(java.lang.String) ,(java.lang.String) ,(java.lang.String) ,(java.lang.String) ,(java.lang.String) ,(java.lang.String) ,(java.lang.String) ,(java.lang.String) ]">
      <![CDATA[org.testng.internal.reflect.MethodMatcherException: 
[public void us.littleguys.testestimator.AddJob.AddJob.AddJob(java.lang.String,java.lang.String,java.lang.String,java.lang.String) throws java.lang.Exception] has no parameters defined but was found to be using a data provider (either explicitly specified or inherited from class level annotation).
Data provider mismatch
Method: AddJob([Parameter{index=0, type=java.lang.String, declaredAnnotations=[]}, Parameter{index=1, type=java.lang.String, declaredAnnotations=[]}, Parameter{index=2, type=java.lang.String, declaredAnnotations=[]}, Parameter{index=3, type=java.lang.String, declaredAnnotations=[]}])
Arguments: [(java.lang.String) FirstName,(java.lang.String) LastName,(java.lang.String) 8765431234,(java.lang.String) hgf12@gmail.com,(java.lang.String) jncsdkhgfknv,(java.lang.String) dfsdf,(java.lang.String) jfhd,(java.lang.String) kjhg,(java.lang.String) dsfvfgs dfdb,(java.lang.String) hgdft@gmail.com,(java.lang.String) mailid,(java.lang.String) ,(java.lang.String) ,(java.lang.String) ,(java.lang.String) ,(java.lang.String) ,(java.lang.String) ,(java.lang.String) ,(java.lang.String) ,(java.lang.String) ,(java.lang.String) ,(java.lang.String) ,(java.lang.String) ,(java.lang.String) ]
at java.base/java.util.ArrayList.forEach(ArrayList.java:1511)
at java.base/java.util.concurrent.FutureTask.run(FutureTask.java:264)
at java.base/java.util.concurrent.ThreadPoolExecutor.runWorker(ThreadPoolExecutor.java:1136)
at java.base/java.util.concurrent.ThreadPoolExecutor$Worker.run(ThreadPoolExecutor.java:635)
at java.base/java.lang.Thread.run(Thread.java:833)
... Removed 13 stack frames]]>
    </failure>
  </testcase> <!-- AddJob -->
</testsuite> <!-- AddJob -->
