<?xml version="1.0" encoding="UTF-8"?>
<!-- Generated by org.testng.reporters.JUnitXMLReporter -->
<testsuite ignored="0" hostname="KSPL0235-L" failures="0" tests="1" name="CreateJob" time="1.878" errors="0" timestamp="2022-10-28T12:16:48 IST">
  <testcase classname="LGM.LoginTest.PositiveLoginTest" name="@BeforeSuite logInTest" time="0.018">
    <failure type="java.lang.NullPointerException" message="Cannot invoke &amp;quot;org.apache.logging.log4j.Logger.info(String)&amp;quot; because &amp;quot;this.log&amp;quot; is null">
      <![CDATA[java.lang.NullPointerException: Cannot invoke "org.apache.logging.log4j.Logger.info(String)" because "this.log" is null
at com.herokyapp.theinternet.pages.EstimatorLoginPage.openPage(EstimatorLoginPage.java:39)
at LGM.LoginTest.PositiveLoginTest.logInTest(PositiveLoginTest.java:23)
... Removed 17 stack frames]]>
    </failure>
  </testcase> <!-- @BeforeSuite logInTest -->
  <testcase classname="LGM.LoginTest.AddJob" name="AddJob" time="0.0">
    <skipped/>
  </testcase> <!-- AddJob -->
</testsuite> <!-- CreateJob -->
