<?xml version="1.0" encoding="UTF-8"?>
<!-- Generated by org.testng.reporters.JUnitXMLReporter -->
<testsuite ignored="0" hostname="Vipuls-MacBook-Pro.local" failures="0" tests="3" name="AlertsTests" time="37.343" errors="0" timestamp="2022-09-14T17:17:36 IST">
  <testcase classname="com.herokuapp.theinternet.AlertTest.AlertsTests" name="jsAlertTest" time="5.635"/>
  <testcase classname="com.herokuapp.theinternet.AlertTest.AlertsTests" name="jsDismissTest" time="6.75"/>
  <testcase classname="com.herokuapp.theinternet.AlertTest.AlertsTests" name="jsPromptTest" time="6.588"/>
</testsuite> <!-- AlertsTests -->
