<?xml version="1.0" encoding="UTF-8"?>
<testng-results ignored="0" total="1" passed="1" failed="0" skipped="0">
  <reporter-output>
  </reporter-output>
  <suite started-at="2022-09-21T16:33:16 IST" name="Surefire suite" finished-at="2022-09-21T16:33:33 IST" duration-ms="17378">
    <groups>
    </groups>
    <test started-at="2022-09-21T16:33:16 IST" name="Surefire test" finished-at="2022-09-21T16:33:33 IST" duration-ms="17378">
      <class name="com.herokuapp.theinternet.BasicLoginTest.PositiveTest">
        <test-method signature="logInTest()[pri:0, instance:com.herokuapp.theinternet.BasicLoginTest.PositiveTest@58134517]" started-at="2022-09-21T16:33:16 IST" name="logInTest" finished-at="2022-09-21T16:33:33 IST" duration-ms="17316" status="PASS">
          <reporter-output>
          </reporter-output>
        </test-method> <!-- logInTest -->
      </class> <!-- com.herokuapp.theinternet.BasicLoginTest.PositiveTest -->
    </test> <!-- Surefire test -->
  </suite> <!-- Surefire suite -->
</testng-results>
