<?xml version="1.0" encoding="UTF-8"?>
<testsuite xmlns:xsi="http://www.w3.org/2001/XMLSchema-instance" xsi:noNamespaceSchemaLocation="https://maven.apache.org/surefire/maven-surefire-plugin/xsd/surefire-test-report-3.0.xsd" version="3.0" name="com.herokuapp.theinternet.BasicLoginTest.PositiveTest" time="23.024" tests="1" errors="0" skipped="0" failures="0">
  <properties>
[...]
</properties>
  <testcase name="logInTest" classname="com.herokuapp.theinternet.BasicLoginTest.PositiveTest" time="17.324">
    <system-out><![CDATA[Starting logIn test
[main] 16:33:22,608 DEBUG [InternalLoggerFactory] Using Log4J2 as the default logging framework
[main] 16:33:22,620 DEBUG [ResourceLeakDetector] -Dio.netty.leakDetection.level: simple
[main] 16:33:22,620 DEBUG [ResourceLeakDetector] -Dio.netty.leakDetection.targetRecords: 4
[main] 16:33:22,627 DEBUG [ResourceLeakDetectorFactory] Loaded default ResourceLeakDetector: io.netty.util.ResourceLeakDetector@b78a709
[main] 16:33:22,652 DEBUG [PlatformDependent0] -Dio.netty.noUnsafe: false
[main] 16:33:22,652 DEBUG [PlatformDependent0] Java version: 18
[main] 16:33:22,654 DEBUG [PlatformDependent0] sun.misc.Unsafe.theUnsafe: available
[main] 16:33:22,655 DEBUG [PlatformDependent0] sun.misc.Unsafe.copyMemory: available
[main] 16:33:22,656 DEBUG [PlatformDependent0] sun.misc.Unsafe.storeFence: available
[main] 16:33:22,656 DEBUG [PlatformDependent0] java.nio.Buffer.address: available
[main] 16:33:22,657 DEBUG [PlatformDependent0] direct buffer constructor: unavailable
java.lang.UnsupportedOperationException: Reflective setAccessible(true) disabled
	at io.netty.util.internal.ReflectionUtil.trySetAccessible(ReflectionUtil.java:31) ~[netty-common-4.1.78.Final.jar:4.1.78.Final]
	at io.netty.util.internal.PlatformDependent0$5.run(PlatformDependent0.java:287) ~[netty-common-4.1.78.Final.jar:4.1.78.Final]
	at java.security.AccessController.doPrivileged(AccessController.java:318) ~[?:?]
	at io.netty.util.internal.PlatformDependent0.<clinit>(PlatformDependent0.java:281) ~[netty-common-4.1.78.Final.jar:4.1.78.Final]
	at io.netty.util.internal.PlatformDependent.isAndroid(PlatformDependent.java:294) ~[netty-common-4.1.78.Final.jar:4.1.78.Final]
	at io.netty.util.internal.PlatformDependent.<clinit>(PlatformDependent.java:88) ~[netty-common-4.1.78.Final.jar:4.1.78.Final]
	at io.netty.util.HashedWheelTimer.<init>(HashedWheelTimer.java:114) ~[netty-common-4.1.78.Final.jar:4.1.78.Final]
	at io.netty.util.HashedWheelTimer.<init>(HashedWheelTimer.java:251) ~[netty-common-4.1.78.Final.jar:4.1.78.Final]
	at io.netty.util.HashedWheelTimer.<init>(HashedWheelTimer.java:224) ~[netty-common-4.1.78.Final.jar:4.1.78.Final]
	at io.netty.util.HashedWheelTimer.<init>(HashedWheelTimer.java:203) ~[netty-common-4.1.78.Final.jar:4.1.78.Final]
	at org.asynchttpclient.DefaultAsyncHttpClient.newNettyTimer(DefaultAsyncHttpClient.java:111) ~[async-http-client-2.12.3.jar:?]
	at org.asynchttpclient.DefaultAsyncHttpClient.<init>(DefaultAsyncHttpClient.java:90) ~[async-http-client-2.12.3.jar:?]
	at org.asynchttpclient.Dsl.asyncHttpClient(Dsl.java:32) ~[async-http-client-2.12.3.jar:?]
	at org.openqa.selenium.remote.http.netty.NettyClient.createHttpClient(NettyClient.java:93) ~[selenium-remote-driver-4.4.0.jar:?]
	at org.openqa.selenium.remote.http.netty.NettyClient.<clinit>(NettyClient.java:47) ~[selenium-remote-driver-4.4.0.jar:?]
	at org.openqa.selenium.remote.http.netty.NettyClient$Factory.createClient(NettyClient.java:134) ~[selenium-remote-driver-4.4.0.jar:?]
	at org.openqa.selenium.remote.HttpCommandExecutor.<init>(HttpCommandExecutor.java:107) ~[selenium-remote-driver-4.4.0.jar:?]
	at org.openqa.selenium.remote.HttpCommandExecutor.<init>(HttpCommandExecutor.java:94) ~[selenium-remote-driver-4.4.0.jar:?]
	at org.openqa.selenium.remote.HttpCommandExecutor.<init>(HttpCommandExecutor.java:85) ~[selenium-remote-driver-4.4.0.jar:?]
	at org.openqa.selenium.remote.service.DriverCommandExecutor.<init>(DriverCommandExecutor.java:80) ~[selenium-remote-driver-4.4.0.jar:?]
	at org.openqa.selenium.chromium.ChromiumDriverCommandExecutor.<init>(ChromiumDriverCommandExecutor.java:35) ~[selenium-chromium-driver-4.4.0.jar:?]
	at org.openqa.selenium.chrome.ChromeDriver$ChromeDriverCommandExecutor.<init>(ChromeDriver.java:93) ~[selenium-chrome-driver-4.4.0.jar:?]
	at org.openqa.selenium.chrome.ChromeDriver.<init>(ChromeDriver.java:81) ~[selenium-chrome-driver-4.4.0.jar:?]
	at org.openqa.selenium.chrome.ChromeDriver.<init>(ChromeDriver.java:49) ~[selenium-chrome-driver-4.4.0.jar:?]
	at com.herokuapp.theinternet.BasicLoginTest.PositiveTest.logInTest(PositiveTest.java:23) ~[test-classes/:?]
	at jdk.internal.reflect.DirectMethodHandleAccessor.invoke(DirectMethodHandleAccessor.java:104) ~[?:?]
	at java.lang.reflect.Method.invoke(Method.java:577) ~[?:?]
	at org.testng.internal.invokers.MethodInvocationHelper.invokeMethod(MethodInvocationHelper.java:139) ~[testng-7.6.1.jar:7.6.1]
	at org.testng.internal.invokers.TestInvoker.invokeMethod(TestInvoker.java:677) ~[testng-7.6.1.jar:7.6.1]
	at org.testng.internal.invokers.TestInvoker.invokeTestMethod(TestInvoker.java:221) ~[testng-7.6.1.jar:7.6.1]
	at org.testng.internal.invokers.MethodRunner.runInSequence(MethodRunner.java:50) ~[testng-7.6.1.jar:7.6.1]
	at org.testng.internal.invokers.TestInvoker$MethodInvocationAgent.invoke(TestInvoker.java:962) ~[testng-7.6.1.jar:7.6.1]
	at org.testng.internal.invokers.TestInvoker.invokeTestMethods(TestInvoker.java:194) ~[testng-7.6.1.jar:7.6.1]
	at org.testng.internal.invokers.TestMethodWorker.invokeTestMethods(TestMethodWorker.java:148) ~[testng-7.6.1.jar:7.6.1]
	at org.testng.internal.invokers.TestMethodWorker.run(TestMethodWorker.java:128) ~[testng-7.6.1.jar:7.6.1]
	at java.util.ArrayList.forEach(ArrayList.java:1511) ~[?:?]
	at org.testng.TestRunner.privateRun(TestRunner.java:806) ~[testng-7.6.1.jar:7.6.1]
	at org.testng.TestRunner.run(TestRunner.java:601) ~[testng-7.6.1.jar:7.6.1]
	at org.testng.SuiteRunner.runTest(SuiteRunner.java:433) ~[testng-7.6.1.jar:7.6.1]
	at org.testng.SuiteRunner.runSequentially(SuiteRunner.java:427) ~[testng-7.6.1.jar:7.6.1]
	at org.testng.SuiteRunner.privateRun(SuiteRunner.java:387) ~[testng-7.6.1.jar:7.6.1]
	at org.testng.SuiteRunner.run(SuiteRunner.java:330) ~[testng-7.6.1.jar:7.6.1]
	at org.testng.SuiteRunnerWorker.runSuite(SuiteRunnerWorker.java:52) ~[testng-7.6.1.jar:7.6.1]
	at org.testng.SuiteRunnerWorker.run(SuiteRunnerWorker.java:95) ~[testng-7.6.1.jar:7.6.1]
	at org.testng.TestNG.runSuitesSequentially(TestNG.java:1256) ~[testng-7.6.1.jar:7.6.1]
	at org.testng.TestNG.runSuitesLocally(TestNG.java:1176) ~[testng-7.6.1.jar:7.6.1]
	at org.testng.TestNG.runSuites(TestNG.java:1099) ~[testng-7.6.1.jar:7.6.1]
	at org.testng.TestNG.run(TestNG.java:1067) ~[testng-7.6.1.jar:7.6.1]
	at org.apache.maven.surefire.testng.TestNGExecutor.run(TestNGExecutor.java:151) ~[surefire-testng-3.0.0-M7.jar:3.0.0-M7]
	at org.apache.maven.surefire.testng.TestNGDirectoryTestSuite.executeSingleClass(TestNGDirectoryTestSuite.java:111) ~[surefire-testng-3.0.0-M7.jar:3.0.0-M7]
	at org.apache.maven.surefire.testng.TestNGDirectoryTestSuite.execute(TestNGDirectoryTestSuite.java:98) ~[surefire-testng-3.0.0-M7.jar:3.0.0-M7]
	at org.apache.maven.surefire.testng.TestNGProvider.invoke(TestNGProvider.java:155) ~[surefire-testng-3.0.0-M7.jar:3.0.0-M7]
	at org.apache.maven.surefire.booter.ForkedBooter.runSuitesInProcess(ForkedBooter.java:456) ~[surefire-booter-3.0.0-M7.jar:3.0.0-M7]
	at org.apache.maven.surefire.booter.ForkedBooter.execute(ForkedBooter.java:169) ~[surefire-booter-3.0.0-M7.jar:3.0.0-M7]
	at org.apache.maven.surefire.booter.ForkedBooter.run(ForkedBooter.java:595) ~[surefire-booter-3.0.0-M7.jar:3.0.0-M7]
	at org.apache.maven.surefire.booter.ForkedBooter.main(ForkedBooter.java:581) ~[surefire-booter-3.0.0-M7.jar:3.0.0-M7]
[main] 16:33:22,679 DEBUG [PlatformDependent0] java.nio.Bits.unaligned: available, true
[main] 16:33:22,681 DEBUG [PlatformDependent0] jdk.internal.misc.Unsafe.allocateUninitializedArray(int): unavailable
java.lang.IllegalAccessException: class io.netty.util.internal.PlatformDependent0$7 cannot access class jdk.internal.misc.Unsafe (in module java.base) because module java.base does not export jdk.internal.misc to unnamed module @b104ca1
	at jdk.internal.reflect.Reflection.newIllegalAccessException(Reflection.java:394) ~[?:?]
	at java.lang.reflect.AccessibleObject.checkAccess(AccessibleObject.java:674) ~[?:?]
	at java.lang.reflect.Method.invoke(Method.java:568) ~[?:?]
	at io.netty.util.internal.PlatformDependent0$7.run(PlatformDependent0.java:409) ~[netty-common-4.1.78.Final.jar:4.1.78.Final]
	at java.security.AccessController.doPrivileged(AccessController.java:318) ~[?:?]
	at io.netty.util.internal.PlatformDependent0.<clinit>(PlatformDependent0.java:400) ~[netty-common-4.1.78.Final.jar:4.1.78.Final]
	at io.netty.util.internal.PlatformDependent.isAndroid(PlatformDependent.java:294) ~[netty-common-4.1.78.Final.jar:4.1.78.Final]
	at io.netty.util.internal.PlatformDependent.<clinit>(PlatformDependent.java:88) ~[netty-common-4.1.78.Final.jar:4.1.78.Final]
	at io.netty.util.HashedWheelTimer.<init>(HashedWheelTimer.java:114) ~[netty-common-4.1.78.Final.jar:4.1.78.Final]
	at io.netty.util.HashedWheelTimer.<init>(HashedWheelTimer.java:251) ~[netty-common-4.1.78.Final.jar:4.1.78.Final]
	at io.netty.util.HashedWheelTimer.<init>(HashedWheelTimer.java:224) ~[netty-common-4.1.78.Final.jar:4.1.78.Final]
	at io.netty.util.HashedWheelTimer.<init>(HashedWheelTimer.java:203) ~[netty-common-4.1.78.Final.jar:4.1.78.Final]
	at org.asynchttpclient.DefaultAsyncHttpClient.newNettyTimer(DefaultAsyncHttpClient.java:111) ~[async-http-client-2.12.3.jar:?]
	at org.asynchttpclient.DefaultAsyncHttpClient.<init>(DefaultAsyncHttpClient.java:90) ~[async-http-client-2.12.3.jar:?]
	at org.asynchttpclient.Dsl.asyncHttpClient(Dsl.java:32) ~[async-http-client-2.12.3.jar:?]
	at org.openqa.selenium.remote.http.netty.NettyClient.createHttpClient(NettyClient.java:93) ~[selenium-remote-driver-4.4.0.jar:?]
	at org.openqa.selenium.remote.http.netty.NettyClient.<clinit>(NettyClient.java:47) ~[selenium-remote-driver-4.4.0.jar:?]
	at org.openqa.selenium.remote.http.netty.NettyClient$Factory.createClient(NettyClient.java:134) ~[selenium-remote-driver-4.4.0.jar:?]
	at org.openqa.selenium.remote.HttpCommandExecutor.<init>(HttpCommandExecutor.java:107) ~[selenium-remote-driver-4.4.0.jar:?]
	at org.openqa.selenium.remote.HttpCommandExecutor.<init>(HttpCommandExecutor.java:94) ~[selenium-remote-driver-4.4.0.jar:?]
	at org.openqa.selenium.remote.HttpCommandExecutor.<init>(HttpCommandExecutor.java:85) ~[selenium-remote-driver-4.4.0.jar:?]
	at org.openqa.selenium.remote.service.DriverCommandExecutor.<init>(DriverCommandExecutor.java:80) ~[selenium-remote-driver-4.4.0.jar:?]
	at org.openqa.selenium.chromium.ChromiumDriverCommandExecutor.<init>(ChromiumDriverCommandExecutor.java:35) ~[selenium-chromium-driver-4.4.0.jar:?]
	at org.openqa.selenium.chrome.ChromeDriver$ChromeDriverCommandExecutor.<init>(ChromeDriver.java:93) ~[selenium-chrome-driver-4.4.0.jar:?]
	at org.openqa.selenium.chrome.ChromeDriver.<init>(ChromeDriver.java:81) ~[selenium-chrome-driver-4.4.0.jar:?]
	at org.openqa.selenium.chrome.ChromeDriver.<init>(ChromeDriver.java:49) ~[selenium-chrome-driver-4.4.0.jar:?]
	at com.herokuapp.theinternet.BasicLoginTest.PositiveTest.logInTest(PositiveTest.java:23) ~[test-classes/:?]
	at jdk.internal.reflect.DirectMethodHandleAccessor.invoke(DirectMethodHandleAccessor.java:104) ~[?:?]
	at java.lang.reflect.Method.invoke(Method.java:577) ~[?:?]
	at org.testng.internal.invokers.MethodInvocationHelper.invokeMethod(MethodInvocationHelper.java:139) ~[testng-7.6.1.jar:7.6.1]
	at org.testng.internal.invokers.TestInvoker.invokeMethod(TestInvoker.java:677) ~[testng-7.6.1.jar:7.6.1]
	at org.testng.internal.invokers.TestInvoker.invokeTestMethod(TestInvoker.java:221) ~[testng-7.6.1.jar:7.6.1]
	at org.testng.internal.invokers.MethodRunner.runInSequence(MethodRunner.java:50) ~[testng-7.6.1.jar:7.6.1]
	at org.testng.internal.invokers.TestInvoker$MethodInvocationAgent.invoke(TestInvoker.java:962) ~[testng-7.6.1.jar:7.6.1]
	at org.testng.internal.invokers.TestInvoker.invokeTestMethods(TestInvoker.java:194) ~[testng-7.6.1.jar:7.6.1]
	at org.testng.internal.invokers.TestMethodWorker.invokeTestMethods(TestMethodWorker.java:148) ~[testng-7.6.1.jar:7.6.1]
	at org.testng.internal.invokers.TestMethodWorker.run(TestMethodWorker.java:128) ~[testng-7.6.1.jar:7.6.1]
	at java.util.ArrayList.forEach(ArrayList.java:1511) ~[?:?]
	at org.testng.TestRunner.privateRun(TestRunner.java:806) ~[testng-7.6.1.jar:7.6.1]
	at org.testng.TestRunner.run(TestRunner.java:601) ~[testng-7.6.1.jar:7.6.1]
	at org.testng.SuiteRunner.runTest(SuiteRunner.java:433) ~[testng-7.6.1.jar:7.6.1]
	at org.testng.SuiteRunner.runSequentially(SuiteRunner.java:427) ~[testng-7.6.1.jar:7.6.1]
	at org.testng.SuiteRunner.privateRun(SuiteRunner.java:387) ~[testng-7.6.1.jar:7.6.1]
	at org.testng.SuiteRunner.run(SuiteRunner.java:330) ~[testng-7.6.1.jar:7.6.1]
	at org.testng.SuiteRunnerWorker.runSuite(SuiteRunnerWorker.java:52) ~[testng-7.6.1.jar:7.6.1]
	at org.testng.SuiteRunnerWorker.run(SuiteRunnerWorker.java:95) ~[testng-7.6.1.jar:7.6.1]
	at org.testng.TestNG.runSuitesSequentially(TestNG.java:1256) ~[testng-7.6.1.jar:7.6.1]
	at org.testng.TestNG.runSuitesLocally(TestNG.java:1176) ~[testng-7.6.1.jar:7.6.1]
	at org.testng.TestNG.runSuites(TestNG.java:1099) ~[testng-7.6.1.jar:7.6.1]
	at org.testng.TestNG.run(TestNG.java:1067) ~[testng-7.6.1.jar:7.6.1]
	at org.apache.maven.surefire.testng.TestNGExecutor.run(TestNGExecutor.java:151) ~[surefire-testng-3.0.0-M7.jar:3.0.0-M7]
	at org.apache.maven.surefire.testng.TestNGDirectoryTestSuite.executeSingleClass(TestNGDirectoryTestSuite.java:111) ~[surefire-testng-3.0.0-M7.jar:3.0.0-M7]
	at org.apache.maven.surefire.testng.TestNGDirectoryTestSuite.execute(TestNGDirectoryTestSuite.java:98) ~[surefire-testng-3.0.0-M7.jar:3.0.0-M7]
	at org.apache.maven.surefire.testng.TestNGProvider.invoke(TestNGProvider.java:155) ~[surefire-testng-3.0.0-M7.jar:3.0.0-M7]
	at org.apache.maven.surefire.booter.ForkedBooter.runSuitesInProcess(ForkedBooter.java:456) ~[surefire-booter-3.0.0-M7.jar:3.0.0-M7]
	at org.apache.maven.surefire.booter.ForkedBooter.execute(ForkedBooter.java:169) ~[surefire-booter-3.0.0-M7.jar:3.0.0-M7]
	at org.apache.maven.surefire.booter.ForkedBooter.run(ForkedBooter.java:595) ~[surefire-booter-3.0.0-M7.jar:3.0.0-M7]
	at org.apache.maven.surefire.booter.ForkedBooter.main(ForkedBooter.java:581) ~[surefire-booter-3.0.0-M7.jar:3.0.0-M7]
[main] 16:33:22,686 DEBUG [PlatformDependent0] java.nio.DirectByteBuffer.<init>(long, int): unavailable
[main] 16:33:22,686 DEBUG [PlatformDependent] sun.misc.Unsafe: available
[main] 16:33:22,687 DEBUG [PlatformDependent] maxDirectMemory: 1073741824 bytes (maybe)
[main] 16:33:22,688 DEBUG [PlatformDependent] -Dio.netty.tmpdir: /var/folders/0_/xsq4_j614w7cz8n59m2wt4300000gn/T (java.io.tmpdir)
[main] 16:33:22,689 DEBUG [PlatformDependent] -Dio.netty.bitMode: 64 (sun.arch.data.model)
[main] 16:33:22,690 DEBUG [PlatformDependent] Platform: MacOS
[main] 16:33:22,691 DEBUG [PlatformDependent] -Dio.netty.maxDirectMemory: -1 bytes
[main] 16:33:22,691 DEBUG [PlatformDependent] -Dio.netty.uninitializedArrayAllocationThreshold: -1
[main] 16:33:22,695 DEBUG [CleanerJava9] java.nio.ByteBuffer.cleaner(): available
[main] 16:33:22,695 DEBUG [PlatformDependent] -Dio.netty.noPreferDirect: false
[main] 16:33:22,706 DEBUG [PlatformDependent] org.jctools-core.MpscChunkedArrayQueue: available
[main] 16:33:22,739 DEBUG [InternalThreadLocalMap] -Dio.netty.threadLocalMap.stringBuilder.initialSize: 1024
[main] 16:33:22,739 DEBUG [InternalThreadLocalMap] -Dio.netty.threadLocalMap.stringBuilder.maxSize: 4096
[main] 16:33:23,047 DEBUG [JdkSslContext] Default protocols (JDK): [TLSv1.3, TLSv1.2] 
[main] 16:33:23,047 DEBUG [JdkSslContext] Default cipher suites (JDK): [TLS_ECDHE_ECDSA_WITH_AES_256_GCM_SHA384, TLS_ECDHE_ECDSA_WITH_AES_128_GCM_SHA256, TLS_ECDHE_RSA_WITH_AES_128_GCM_SHA256, TLS_ECDHE_RSA_WITH_AES_256_GCM_SHA384, TLS_ECDHE_RSA_WITH_AES_128_CBC_SHA, TLS_ECDHE_RSA_WITH_AES_256_CBC_SHA, TLS_RSA_WITH_AES_128_GCM_SHA256, TLS_RSA_WITH_AES_128_CBC_SHA, TLS_RSA_WITH_AES_256_CBC_SHA, TLS_AES_128_GCM_SHA256, TLS_AES_256_GCM_SHA384]
[main] 16:33:23,085 DEBUG [MultithreadEventLoopGroup] -Dio.netty.eventLoopThreads: 8
[main] 16:33:23,099 DEBUG [NioEventLoop] -Dio.netty.noKeySetOptimization: false
[main] 16:33:23,099 DEBUG [NioEventLoop] -Dio.netty.selectorAutoRebuildThreshold: 512
[main] 16:33:23,108 TRACE [NioEventLoop] instrumented a special java.util.Set into: sun.nio.ch.KQueueSelectorImpl@4d4d8fcf
[main] 16:33:23,108 TRACE [NioEventLoop] instrumented a special java.util.Set into: sun.nio.ch.KQueueSelectorImpl@12f3afb5
[main] 16:33:23,109 TRACE [NioEventLoop] instrumented a special java.util.Set into: sun.nio.ch.KQueueSelectorImpl@4ced35ed
[main] 16:33:23,109 TRACE [NioEventLoop] instrumented a special java.util.Set into: sun.nio.ch.KQueueSelectorImpl@2c22a348
[main] 16:33:23,109 TRACE [NioEventLoop] instrumented a special java.util.Set into: sun.nio.ch.KQueueSelectorImpl@7bd69e82
[main] 16:33:23,110 TRACE [NioEventLoop] instrumented a special java.util.Set into: sun.nio.ch.KQueueSelectorImpl@74d7184a
[main] 16:33:23,110 TRACE [NioEventLoop] instrumented a special java.util.Set into: sun.nio.ch.KQueueSelectorImpl@51b01960
[main] 16:33:23,110 TRACE [NioEventLoop] instrumented a special java.util.Set into: sun.nio.ch.KQueueSelectorImpl@6831d8fd
[main] 16:33:23,144 DEBUG [PooledByteBufAllocator] -Dio.netty.allocator.numHeapArenas: 8
[main] 16:33:23,144 DEBUG [PooledByteBufAllocator] -Dio.netty.allocator.numDirectArenas: 8
[main] 16:33:23,144 DEBUG [PooledByteBufAllocator] -Dio.netty.allocator.pageSize: 8192
[main] 16:33:23,144 DEBUG [PooledByteBufAllocator] -Dio.netty.allocator.maxOrder: 9
[main] 16:33:23,145 DEBUG [PooledByteBufAllocator] -Dio.netty.allocator.chunkSize: 4194304
[main] 16:33:23,145 DEBUG [PooledByteBufAllocator] -Dio.netty.allocator.smallCacheSize: 256
[main] 16:33:23,145 DEBUG [PooledByteBufAllocator] -Dio.netty.allocator.normalCacheSize: 64
[main] 16:33:23,145 DEBUG [PooledByteBufAllocator] -Dio.netty.allocator.maxCachedBufferCapacity: 32768
[main] 16:33:23,145 DEBUG [PooledByteBufAllocator] -Dio.netty.allocator.cacheTrimInterval: 8192
[main] 16:33:23,145 DEBUG [PooledByteBufAllocator] -Dio.netty.allocator.cacheTrimIntervalMillis: 0
[main] 16:33:23,146 DEBUG [PooledByteBufAllocator] -Dio.netty.allocator.useCacheForAllThreads: false
[main] 16:33:23,146 DEBUG [PooledByteBufAllocator] -Dio.netty.allocator.maxCachedByteBuffersPerChunk: 1023
[main] 16:33:23,163 DEBUG [ByteBufUtil] -Dio.netty.allocator.type: pooled
[main] 16:33:23,163 DEBUG [ByteBufUtil] -Dio.netty.threadLocalDirectBufferSize: 0
[main] 16:33:23,164 DEBUG [ByteBufUtil] -Dio.netty.maxThreadLocalCharBufferSize: 16384
[Forwarding newSession on session null to remote] 16:33:23,627 DEBUG [DefaultChannelId] -Dio.netty.processId: 1860 (auto-detected)
[Forwarding newSession on session null to remote] 16:33:23,631 DEBUG [NetUtil] -Djava.net.preferIPv4Stack: false
[Forwarding newSession on session null to remote] 16:33:23,631 DEBUG [NetUtil] -Djava.net.preferIPv6Addresses: false
[Forwarding newSession on session null to remote] 16:33:23,637 DEBUG [NetUtilInitializations] Loopback interface: lo0 (lo0, 0:0:0:0:0:0:0:1%lo0)
[Forwarding newSession on session null to remote] 16:33:23,639 DEBUG [NetUtil] Failed to get SOMAXCONN from sysctl and file /proc/sys/net/core/somaxconn. Default: 128
[Forwarding newSession on session null to remote] 16:33:23,641 DEBUG [DefaultChannelId] -Dio.netty.machineId: b0:34:95:ff:fe:f1:72:1c (auto-detected)
[AsyncHttpClient-1-2] 16:33:23,709 DEBUG [AbstractByteBuf] -Dio.netty.buffer.checkAccessible: true
[AsyncHttpClient-1-2] 16:33:23,709 DEBUG [AbstractByteBuf] -Dio.netty.buffer.checkBounds: true
[AsyncHttpClient-1-2] 16:33:23,709 DEBUG [ResourceLeakDetectorFactory] Loaded default ResourceLeakDetector: io.netty.util.ResourceLeakDetector@67e9e3bf
[AsyncHttpClient-1-2] 16:33:23,739 DEBUG [Recycler] -Dio.netty.recycler.maxCapacityPerThread: 4096
[AsyncHttpClient-1-2] 16:33:23,740 DEBUG [Recycler] -Dio.netty.recycler.ratio: 8
[AsyncHttpClient-1-2] 16:33:23,740 DEBUG [Recycler] -Dio.netty.recycler.chunkSize: 32
[AsyncHttpClient-1-2] 16:33:23,740 DEBUG [Recycler] -Dio.netty.recycler.blocking: false
[AsyncHttpClient-1-2] 16:33:28,463 DEBUG [Brotli] brotli4j not in the classpath; Brotli support will be unavailable.
[main] 16:33:28,681 DEBUG [ThreadLocalRandom] -Dio.netty.initialSeedUniquifier: 0xab13e82db1e71f58
Main page is opened.
[AsyncHttpClient-1-4] 16:33:33,789 TRACE [WebSocket08FrameEncoder] Encoding WebSocket Frame opCode=8 length=26
]]></system-out>
    <system-err><![CDATA[SLF4J: Failed to load class "org.slf4j.impl.StaticLoggerBinder".
SLF4J: Defaulting to no-operation (NOP) logger implementation
SLF4J: See http://www.slf4j.org/codes.html#StaticLoggerBinder for further details.
Starting ChromeDriver 104.0.5112.79 (3cf3e8c8a07d104b9e1260c910efb8f383285dc5-refs/branch-heads/5112@{#1307}) on port 63848
Only local connections are allowed.
Please see https://chromedriver.chromium.org/security-considerations for suggestions on keeping ChromeDriver safe.
ChromeDriver was started successfully.
[1663758207.924][WARNING]: This version of ChromeDriver has not been tested with Chrome version 105.
Sept 21, 2022 4:33:28 PM org.openqa.selenium.remote.ProtocolHandshake createSession
INFO: Detected upstream dialect: W3C
Sept 21, 2022 4:33:28 PM org.openqa.selenium.devtools.CdpVersionFinder findNearestMatch
WARNING: Unable to find an exact match for CDP version 105, so returning the closest version found: 104
Sept 21, 2022 4:33:28 PM org.openqa.selenium.devtools.CdpVersionFinder findNearestMatch
INFO: Found CDP implementation for version 105 of 104
Sept 21, 2022 4:33:33 PM org.openqa.selenium.remote.http.WebSocket$Listener onError
WARNING: Connection reset
java.net.SocketException: Connection reset
	at java.base/sun.nio.ch.SocketChannelImpl.throwConnectionReset(SocketChannelImpl.java:394)
	at java.base/sun.nio.ch.SocketChannelImpl.read(SocketChannelImpl.java:426)
	at io.netty.buffer.PooledByteBuf.setBytes(PooledByteBuf.java:258)
	at io.netty.buffer.AbstractByteBuf.writeBytes(AbstractByteBuf.java:1132)
	at io.netty.channel.socket.nio.NioSocketChannel.doReadBytes(NioSocketChannel.java:357)
	at io.netty.channel.nio.AbstractNioByteChannel$NioByteUnsafe.read(AbstractNioByteChannel.java:151)
	at io.netty.channel.nio.NioEventLoop.processSelectedKey(NioEventLoop.java:722)
	at io.netty.channel.nio.NioEventLoop.processSelectedKeysOptimized(NioEventLoop.java:658)
	at io.netty.channel.nio.NioEventLoop.processSelectedKeys(NioEventLoop.java:584)
	at io.netty.channel.nio.NioEventLoop.run(NioEventLoop.java:496)
	at io.netty.util.concurrent.SingleThreadEventExecutor$4.run(SingleThreadEventExecutor.java:997)
	at io.netty.util.internal.ThreadExecutorMap$2.run(ThreadExecutorMap.java:74)
	at io.netty.util.concurrent.FastThreadLocalRunnable.run(FastThreadLocalRunnable.java:30)
	at java.base/java.lang.Thread.run(Thread.java:833)

]]></system-err>
  </testcase>
</testsuite>