<?xml version="1.0" encoding="UTF-8"?>
<!-- Generated by org.testng.reporters.JUnitXMLReporter -->
<testsuite ignored="0" hostname="Vipuls-MacBook-Pro.local" failures="0" tests="3" name="UploadTests" time="39.047" errors="0" timestamp="2022-09-15T16:25:22 IST">
  <testcase classname="com.herokuapp.theinternet.UploadTests.UploadTest" name="fileUploadTest" time="7.226"/>
  <testcase classname="com.herokuapp.theinternet.UploadTests.UploadTest" name="fileUploadTest" time="6.625"/>
  <testcase classname="com.herokuapp.theinternet.UploadTests.UploadTest" name="fileUploadTest" time="4.191"/>
</testsuite> <!-- UploadTests -->
