<?xml version="1.0" encoding="UTF-8"?>
<!-- Generated by org.testng.reporters.JUnitXMLReporter -->
<testsuite ignored="0" hostname="Vipuls-MacBook-Pro.local" failures="0" tests="3" name="AlertsTests" time="31.0" errors="0" timestamp="2022-09-21T12:39:59 IST">
  <testcase classname="com.herokuapp.theinternet.AlertTest.AlertsTests" name="jsAlertTest" time="5.68"/>
  <testcase classname="com.herokuapp.theinternet.AlertTest.AlertsTests" name="jsDismissTest" time="5.295"/>
  <testcase classname="com.herokuapp.theinternet.AlertTest.AlertsTests" name="jsPromptTest" time="8.18"/>
</testsuite> <!-- AlertsTests -->
