<?xml version="1.0" encoding="UTF-8"?>
<!-- Generated by org.testng.reporters.JUnitXMLReporter -->
<testsuite ignored="0" hostname="Vipuls-MacBook-Pro.local" failures="1" tests="1" name="EditorTests" time="21.297" errors="0" timestamp="2022-09-14T17:49:51 IST">
  <testcase classname="com.herokuapp.theinternet.EditorTest.EditorTests" name="defaultEditorValueTest" time="6.717">
    <failure type="java.lang.AssertionError" message="Editor default text is not expected. It is:  expected [true] but found [false]">
      <![CDATA[java.lang.AssertionError: Editor default text is not expected. It is:  expected [true] but found [false]
at com.herokuapp.theinternet.EditorTest.EditorTests.defaultEditorValueTest(EditorTests.java:29)
at java.base/java.util.ArrayList.forEach(ArrayList.java:1541)
... Removed 30 stack frames]]>
    </failure>
  </testcase> <!-- defaultEditorValueTest -->
</testsuite> <!-- EditorTests -->
